2022.11.05 15:47:41 INFO  tracing is disabled for protocol LSP, to enable tracing of incoming and outgoing JSON messages create an empty file at /home/maestros/work-space/me/BigData/pyspark/Pyspark_pour_big_data/.metals/lsp.trace.json or /home/maestros/.cache/metals/lsp.trace.json
2022.11.05 15:47:42 INFO  logging to file /home/maestros/work-space/me/BigData/pyspark/Pyspark_pour_big_data/.metals/metals.log
2022.11.05 15:47:42 INFO  Started: Metals version 0.11.9 in workspace '/home/maestros/work-space/me/BigData/pyspark/Pyspark_pour_big_data' for client Visual Studio Code 1.72.2.
2022.11.05 15:47:45 INFO  time: initialize in 2.84s
2022.11.05 15:47:45 WARN  Build server is not auto-connectable.
2022.11.05 15:47:45 WARN  no build tool detected in workspace '/home/maestros/work-space/me/BigData/pyspark/Pyspark_pour_big_data'. The most common cause for this problem is that the editor was opened in the wrong working directory, for example if you use sbt then the workspace directory should contain build.sbt. 
2022.11.05 15:47:45 WARN  no build target for: /home/maestros/work-space/me/BigData/scala/Scala_pour_Big_Data/src/main/scala/modules/App.scala
2022.11.05 15:47:53 INFO  no build target found for /home/maestros/work-space/me/BigData/scala/Scala_pour_Big_Data/src/main/scala/modules/App.scala. Using presentation compiler with project's scala-library version: 3.2.0
2022.11.05 15:47:57 INFO  time: code lens generation in 9.57s
Nov 05, 2022 3:57:32 PM org.eclipse.lsp4j.jsonrpc.services.GenericEndpoint notify
INFO: Unsupported notification method: $/setTrace
Nov 05, 2022 4:02:35 PM org.eclipse.lsp4j.jsonrpc.services.GenericEndpoint notify
INFO: Unsupported notification method: $/setTrace
2022.11.05 16:32:43 WARN  no build target for: /home/maestros/work-space/me/BigData/scala/Scala_pour_Big_Data/src/main/scala/modules/App.scala
Nov 05, 2022 4:32:43 PM org.eclipse.lsp4j.jsonrpc.RemoteEndpoint handleCancellation
WARNING: Unmatched cancel notification for request id 81
Nov 05, 2022 5:52:27 PM org.eclipse.lsp4j.jsonrpc.services.GenericEndpoint notify
INFO: Unsupported notification method: $/setTrace
Nov 05, 2022 5:52:27 PM org.eclipse.lsp4j.jsonrpc.services.GenericEndpoint notify
INFO: Unsupported notification method: $/setTrace
